{
  "stats": {
    "suites": 3,
    "tests": 4,
    "passes": 2,
    "pending": 0,
    "failures": 2,
    "testsRegistered": 4,
    "passPercent": 50,
    "pendingPercent": 0,
    "other": 0,
    "hasOther": false,
    "skipped": 0,
    "hasSkipped": false,
    "start": "2024-06-23T00:06:39.848Z",
    "end": "2024-06-23T00:08:48.521Z",
    "duration": 128673
  },
  "results": [
    {
      "uuid": "2c5c2fe2-e1e8-4067-bbd5-6682debc7182",
      "title": "",
      "fullFile": "cypress\\e2e\\rough\\test.js",
      "file": "cypress\\e2e\\rough\\test.js",
      "beforeHooks": [],
      "afterHooks": [],
      "tests": [],
      "suites": [
        {
          "uuid": "e551ca12-ad5d-4acc-bbc7-f41ca865178f",
          "title": "test",
          "fullFile": "",
          "file": "",
          "beforeHooks": [],
          "afterHooks": [],
          "tests": [
            {
              "title": "element",
              "fullTitle": "test element",
              "timedOut": null,
              "duration": 13972,
              "state": "failed",
              "speed": null,
              "pass": false,
              "fail": true,
              "pending": false,
              "context": null,
              "code": "cy.visit(\"https://tradenation.com/en-gb/markets/#forex\");\ncy.viewport(2000, 1500);\ntry {\n  cy.contains(\"Accept all cookies\").click();\n} catch (error) {}\ncy.contains(\"Log In\").click();\ncy.get(\"[data-testid='GoogleIcon']\").click();\ncy.origin(\"https://accounts.google.com\", {}, () => {\n  cy.get(\"#af-error-container p\").invoke(\"text\").then(error => {\n    cy.log(error);\n    expect(error).to.contain(\"403\");\n    cy.title().should(\"have.string\", \"Error 403 (Forbidden)!!1\");\n  });\n});",
              "err": {
                "message": "CypressError: Timed out retrying after 10000ms: The command was expected to run against origin `https://accounts.google.com` but the application is at origin `https://tradenation.com`.\n\nThis commonly happens when you have either not navigated to the expected origin or have navigated away unexpectedly.\n\nUsing `cy.origin()` to wrap the commands run on `https://tradenation.com` will likely fix this issue.\n\n`cy.origin('https://tradenation.com', () => {`\n`  <commands targeting https://tradenation.com go here>`\n`})`\n\nhttps://on.cypress.io/cy-visit-succeeded-but-commands-fail",
                "estack": "CypressError: Timed out retrying after 10000ms: The command was expected to run against origin `https://accounts.google.com` but the application is at origin `https://tradenation.com`.\n\nThis commonly happens when you have either not navigated to the expected origin or have navigated away unexpectedly.\n\nUsing `cy.origin()` to wrap the commands run on `https://tradenation.com` will likely fix this issue.\n\n`cy.origin('https://tradenation.com', () => {`\n`  <commands targeting https://tradenation.com go here>`\n`})`\n\nhttps://on.cypress.io/cy-visit-succeeded-but-commands-fail\n    at Context.eval (webpack://tradenation-assessment/./cypress/e2e/rough/test.js:26:7)\nFrom Your Spec Code:\n    at Context.eval (webpack://tradenation-assessment/./cypress/e2e/rough/test.js:26:7)",
                "diff": null
              },
              "uuid": "0d75257c-cef6-43f7-ad0f-5484b89ac9e5",
              "parentUUID": "e551ca12-ad5d-4acc-bbc7-f41ca865178f",
              "isHook": false,
              "skipped": false
            }
          ],
          "suites": [],
          "passes": [],
          "failures": [
            "0d75257c-cef6-43f7-ad0f-5484b89ac9e5"
          ],
          "pending": [],
          "skipped": [],
          "duration": 13972,
          "root": false,
          "rootEmpty": false,
          "_timeout": 2000
        }
      ],
      "passes": [],
      "failures": [],
      "pending": [],
      "skipped": [],
      "duration": 0,
      "root": true,
      "rootEmpty": true,
      "_timeout": 2000
    },
    {
      "uuid": "65723078-0d1c-481d-b2d7-dc3f7ccf0a73",
      "title": "",
      "fullFile": "cypress\\e2e\\tests\\GoogleInvalidLoginTest.js",
      "file": "cypress\\e2e\\tests\\GoogleInvalidLoginTest.js",
      "beforeHooks": [],
      "afterHooks": [],
      "tests": [],
      "suites": [
        {
          "uuid": "23ffce9f-cac7-4a76-934d-d64a8cc6683f",
          "title": "Log In With Google",
          "fullFile": "",
          "file": "",
          "beforeHooks": [],
          "afterHooks": [],
          "tests": [
            {
              "title": "Validates Unsuccessful Login with Google",
              "fullTitle": "Log In With Google Validates Unsuccessful Login with Google",
              "timedOut": null,
              "duration": 14528,
              "state": "failed",
              "speed": null,
              "pass": false,
              "fail": true,
              "pending": false,
              "context": null,
              "code": "loginPage.visitLoginPage();\nloginPage.getTitle().should(\"have.string\", _utils.string.loginPageTitle);\nloginPage.navigateToLoginWithGooglePage();\nloginPage.validateLoginWithGoogleError();\nloginPage.getTitle().should(\"have.string\", _utils.string.errorPageTitle);",
              "err": {
                "message": "CypressError: Timed out retrying after 10000ms: The command was expected to run against origin `https://accounts.google.com` but the application is at origin `https://tradenation.com`.\n\nThis commonly happens when you have either not navigated to the expected origin or have navigated away unexpectedly.\n\nUsing `cy.origin()` to wrap the commands run on `https://tradenation.com` will likely fix this issue.\n\n`cy.origin('https://tradenation.com', () => {`\n`  <commands targeting https://tradenation.com go here>`\n`})`\n\nhttps://on.cypress.io/cy-visit-succeeded-but-commands-fail",
                "estack": "CypressError: Timed out retrying after 10000ms: The command was expected to run against origin `https://accounts.google.com` but the application is at origin `https://tradenation.com`.\n\nThis commonly happens when you have either not navigated to the expected origin or have navigated away unexpectedly.\n\nUsing `cy.origin()` to wrap the commands run on `https://tradenation.com` will likely fix this issue.\n\n`cy.origin('https://tradenation.com', () => {`\n`  <commands targeting https://tradenation.com go here>`\n`})`\n\nhttps://on.cypress.io/cy-visit-succeeded-but-commands-fail\n    at TradeNationLoginPage.validateLoginWithGoogleError (webpack://tradenation-assessment/./cypress/support/pages/TradeNationLoginPage.js:25:7)\n    at Context.eval (webpack://tradenation-assessment/./cypress/e2e/tests/GoogleInvalidLoginTest.js:13:14)\nFrom Your Spec Code:\n    at TradeNationLoginPage.validateLoginWithGoogleError (webpack://tradenation-assessment/./cypress/support/pages/TradeNationLoginPage.js:25:7)\n    at Context.eval (webpack://tradenation-assessment/./cypress/e2e/tests/GoogleInvalidLoginTest.js:13:14)",
                "diff": null
              },
              "uuid": "b4425824-eec1-40b3-826a-143b4ccabddd",
              "parentUUID": "23ffce9f-cac7-4a76-934d-d64a8cc6683f",
              "isHook": false,
              "skipped": false
            }
          ],
          "suites": [],
          "passes": [],
          "failures": [
            "b4425824-eec1-40b3-826a-143b4ccabddd"
          ],
          "pending": [],
          "skipped": [],
          "duration": 14528,
          "root": false,
          "rootEmpty": false,
          "_timeout": 2000
        }
      ],
      "passes": [],
      "failures": [],
      "pending": [],
      "skipped": [],
      "duration": 0,
      "root": true,
      "rootEmpty": true,
      "_timeout": 2000
    },
    {
      "uuid": "3609b821-440e-44a5-ad8c-9c5208baebd7",
      "title": "",
      "fullFile": "cypress\\e2e\\tests\\HomePageTest.js",
      "file": "cypress\\e2e\\tests\\HomePageTest.js",
      "beforeHooks": [],
      "afterHooks": [],
      "tests": [],
      "suites": [
        {
          "uuid": "a23c4e60-e086-44c6-a7ab-2c207f8d5efe",
          "title": "Home Page Test",
          "fullFile": "",
          "file": "",
          "beforeHooks": [],
          "afterHooks": [],
          "tests": [
            {
              "title": "Validates HomePage Navigation Successfully",
              "fullTitle": "Home Page Test Validates HomePage Navigation Successfully",
              "timedOut": null,
              "duration": 3103,
              "state": "passed",
              "speed": "fast",
              "pass": true,
              "fail": false,
              "pending": false,
              "context": null,
              "code": "homePage.getTitle().should(\"contain.string\", _utils.string.homePageTitle);",
              "err": {},
              "uuid": "71e4088a-7d0f-43f5-8896-38e90a5fc0fa",
              "parentUUID": "a23c4e60-e086-44c6-a7ab-2c207f8d5efe",
              "isHook": false,
              "skipped": false
            },
            {
              "title": "Validates Trade Nation Logo Successfully",
              "fullTitle": "Home Page Test Validates Trade Nation Logo Successfully",
              "timedOut": null,
              "duration": 2975,
              "state": "passed",
              "speed": "fast",
              "pass": true,
              "fail": false,
              "pending": false,
              "context": null,
              "code": "homePage.clickLogo();\nhomePage.getTitle().should(\"have.string\", _utils.string.tradeNationPageTitle);",
              "err": {},
              "uuid": "3cbcbd59-7178-44fc-9f03-a26812b067ed",
              "parentUUID": "a23c4e60-e086-44c6-a7ab-2c207f8d5efe",
              "isHook": false,
              "skipped": false
            }
          ],
          "suites": [],
          "passes": [
            "71e4088a-7d0f-43f5-8896-38e90a5fc0fa",
            "3cbcbd59-7178-44fc-9f03-a26812b067ed"
          ],
          "failures": [],
          "pending": [],
          "skipped": [],
          "duration": 6078,
          "root": false,
          "rootEmpty": false,
          "_timeout": 2000
        }
      ],
      "passes": [],
      "failures": [],
      "pending": [],
      "skipped": [],
      "duration": 0,
      "root": true,
      "rootEmpty": true,
      "_timeout": 2000
    }
  ],
  "meta": {
    "mocha": {
      "version": "7.0.1"
    },
    "mochawesome": {
      "options": {
        "quiet": false,
        "reportFilename": "mochawesome",
        "saveHtml": false,
        "saveJson": true,
        "consoleReporter": "spec",
        "useInlineDiffs": false,
        "code": true
      },
      "version": "7.1.3"
    },
    "marge": {
      "options": {
        "id": "default",
        "reportDir": "cypress/results/mochawesome",
        "quite": true,
        "overwrite": false,
        "html": false,
        "json": true
      },
      "version": "6.2.0"
    }
  }
}